[INFO ] 2019-11-27 15:59:41.433 [restartedMain] DemospringbootApplication - Starting DemospringbootApplication on DESKTOP-H7QHO50 with PID 16088 (E:\TrainningJava\JavaTraining\demospringboot\target\classes started by DELL in E:\TrainningJava\JavaTraining\demospringboot)
[DEBUG] 2019-11-27 15:59:41.448 [restartedMain] DemospringbootApplication - Running with Spring Boot v2.2.1.RELEASE, Spring v5.2.1.RELEASE
[INFO ] 2019-11-27 15:59:41.449 [restartedMain] DemospringbootApplication - No active profile set, falling back to default profiles: default
[INFO ] 2019-11-27 15:59:46.022 [restartedMain] DemospringbootApplication - Started DemospringbootApplication in 5.113 seconds (JVM running for 7.292)
[DEBUG] 2019-11-27 16:00:03.452 [http-nio-9000-exec-1] LoginController - ===== Wellcome student=====
[INFO ] 2019-11-27 16:03:05.675 [restartedMain] DemospringbootApplication - Starting DemospringbootApplication on DESKTOP-H7QHO50 with PID 16088 (E:\TrainningJava\JavaTraining\demospringboot\target\classes started by DELL in E:\TrainningJava\JavaTraining\demospringboot)
[DEBUG] 2019-11-27 16:03:05.676 [restartedMain] DemospringbootApplication - Running with Spring Boot v2.2.1.RELEASE, Spring v5.2.1.RELEASE
[INFO ] 2019-11-27 16:03:05.676 [restartedMain] DemospringbootApplication - No active profile set, falling back to default profiles: default
[INFO ] 2019-11-27 16:03:06.911 [restartedMain] DemospringbootApplication - Started DemospringbootApplication in 1.322 seconds (JVM running for 208.181)
[DEBUG] 2019-11-27 16:03:21.286 [http-nio-9000-exec-1] LoginController - ===== Wellcome student=====
[INFO ] 2019-11-27 16:03:46.166 [restartedMain] DemospringbootApplication - Starting DemospringbootApplication on DESKTOP-H7QHO50 with PID 16088 (E:\TrainningJava\JavaTraining\demospringboot\target\classes started by DELL in E:\TrainningJava\JavaTraining\demospringboot)
[DEBUG] 2019-11-27 16:03:46.167 [restartedMain] DemospringbootApplication - Running with Spring Boot v2.2.1.RELEASE, Spring v5.2.1.RELEASE
[INFO ] 2019-11-27 16:03:46.168 [restartedMain] DemospringbootApplication - No active profile set, falling back to default profiles: default
[INFO ] 2019-11-27 16:03:47.122 [restartedMain] DemospringbootApplication - Started DemospringbootApplication in 1.082 seconds (JVM running for 248.392)
[DEBUG] 2019-11-27 16:03:51.452 [http-nio-9000-exec-1] LoginController - ===== Wellcome student=====
[INFO ] 2019-11-27 16:26:54.335 [restartedMain] DemospringbootApplication - Starting DemospringbootApplication on DESKTOP-H7QHO50 with PID 16088 (E:\TrainningJava\JavaTraining\demospringboot\target\classes started by DELL in E:\TrainningJava\JavaTraining\demospringboot)
[DEBUG] 2019-11-27 16:26:54.337 [restartedMain] DemospringbootApplication - Running with Spring Boot v2.2.1.RELEASE, Spring v5.2.1.RELEASE
[INFO ] 2019-11-27 16:26:54.337 [restartedMain] DemospringbootApplication - No active profile set, falling back to default profiles: default
[INFO ] 2019-11-27 16:26:55.982 [restartedMain] DemospringbootApplication - Started DemospringbootApplication in 1.814 seconds (JVM running for 1637.252)
[INFO ] 2019-11-27 16:29:03.533 [restartedMain] DemospringbootApplication - Starting DemospringbootApplication on DESKTOP-H7QHO50 with PID 16088 (E:\TrainningJava\JavaTraining\demospringboot\target\classes started by DELL in E:\TrainningJava\JavaTraining\demospringboot)
[DEBUG] 2019-11-27 16:29:03.534 [restartedMain] DemospringbootApplication - Running with Spring Boot v2.2.1.RELEASE, Spring v5.2.1.RELEASE
[INFO ] 2019-11-27 16:29:03.534 [restartedMain] DemospringbootApplication - No active profile set, falling back to default profiles: default
[INFO ] 2019-11-27 16:29:05.185 [restartedMain] DemospringbootApplication - Started DemospringbootApplication in 1.773 seconds (JVM running for 1766.454)
[INFO ] 2019-11-27 16:29:09.518 [restartedMain] DemospringbootApplication - Starting DemospringbootApplication on DESKTOP-H7QHO50 with PID 16088 (E:\TrainningJava\JavaTraining\demospringboot\target\classes started by DELL in E:\TrainningJava\JavaTraining\demospringboot)
[DEBUG] 2019-11-27 16:29:09.519 [restartedMain] DemospringbootApplication - Running with Spring Boot v2.2.1.RELEASE, Spring v5.2.1.RELEASE
[INFO ] 2019-11-27 16:29:09.519 [restartedMain] DemospringbootApplication - No active profile set, falling back to default profiles: default
[INFO ] 2019-11-27 16:29:10.987 [restartedMain] DemospringbootApplication - Started DemospringbootApplication in 1.586 seconds (JVM running for 1772.257)
[INFO ] 2019-11-27 16:29:15.234 [restartedMain] DemospringbootApplication - Starting DemospringbootApplication on DESKTOP-H7QHO50 with PID 16088 (E:\TrainningJava\JavaTraining\demospringboot\target\classes started by DELL in E:\TrainningJava\JavaTraining\demospringboot)
[DEBUG] 2019-11-27 16:29:15.235 [restartedMain] DemospringbootApplication - Running with Spring Boot v2.2.1.RELEASE, Spring v5.2.1.RELEASE
[INFO ] 2019-11-27 16:29:15.235 [restartedMain] DemospringbootApplication - No active profile set, falling back to default profiles: default
[INFO ] 2019-11-27 16:29:36.653 [restartedMain] DemospringbootApplication - Starting DemospringbootApplication on DESKTOP-H7QHO50 with PID 16088 (E:\TrainningJava\JavaTraining\demospringboot\target\classes started by DELL in E:\TrainningJava\JavaTraining\demospringboot)
[DEBUG] 2019-11-27 16:29:36.656 [restartedMain] DemospringbootApplication - Running with Spring Boot v2.2.1.RELEASE, Spring v5.2.1.RELEASE
[INFO ] 2019-11-27 16:29:36.656 [restartedMain] DemospringbootApplication - No active profile set, falling back to default profiles: default
[INFO ] 2019-11-27 16:30:12.875 [restartedMain] DemospringbootApplication - Starting DemospringbootApplication on DESKTOP-H7QHO50 with PID 16088 (E:\TrainningJava\JavaTraining\demospringboot\target\classes started by DELL in E:\TrainningJava\JavaTraining\demospringboot)
[DEBUG] 2019-11-27 16:30:12.876 [restartedMain] DemospringbootApplication - Running with Spring Boot v2.2.1.RELEASE, Spring v5.2.1.RELEASE
[INFO ] 2019-11-27 16:30:12.877 [restartedMain] DemospringbootApplication - No active profile set, falling back to default profiles: default
[INFO ] 2019-11-27 16:30:29.309 [restartedMain] DemospringbootApplication - Starting DemospringbootApplication on DESKTOP-H7QHO50 with PID 16088 (E:\TrainningJava\JavaTraining\demospringboot\target\classes started by DELL in E:\TrainningJava\JavaTraining\demospringboot)
[DEBUG] 2019-11-27 16:30:29.311 [restartedMain] DemospringbootApplication - Running with Spring Boot v2.2.1.RELEASE, Spring v5.2.1.RELEASE
[INFO ] 2019-11-27 16:30:29.312 [restartedMain] DemospringbootApplication - No active profile set, falling back to default profiles: default
[INFO ] 2019-11-27 16:30:53.400 [restartedMain] DemospringbootApplication - Starting DemospringbootApplication on DESKTOP-H7QHO50 with PID 16088 (E:\TrainningJava\JavaTraining\demospringboot\target\classes started by DELL in E:\TrainningJava\JavaTraining\demospringboot)
[DEBUG] 2019-11-27 16:30:53.401 [restartedMain] DemospringbootApplication - Running with Spring Boot v2.2.1.RELEASE, Spring v5.2.1.RELEASE
[INFO ] 2019-11-27 16:30:53.401 [restartedMain] DemospringbootApplication - No active profile set, falling back to default profiles: default
[INFO ] 2019-11-27 16:30:56.163 [restartedMain] DemospringbootApplication - Starting DemospringbootApplication on DESKTOP-H7QHO50 with PID 16088 (E:\TrainningJava\JavaTraining\demospringboot\target\classes started by DELL in E:\TrainningJava\JavaTraining\demospringboot)
[DEBUG] 2019-11-27 16:30:56.164 [restartedMain] DemospringbootApplication - Running with Spring Boot v2.2.1.RELEASE, Spring v5.2.1.RELEASE
[INFO ] 2019-11-27 16:30:56.164 [restartedMain] DemospringbootApplication - No active profile set, falling back to default profiles: default
[INFO ] 2019-11-27 16:31:00.997 [restartedMain] DemospringbootApplication - Starting DemospringbootApplication on DESKTOP-H7QHO50 with PID 16088 (E:\TrainningJava\JavaTraining\demospringboot\target\classes started by DELL in E:\TrainningJava\JavaTraining\demospringboot)
[DEBUG] 2019-11-27 16:31:00.998 [restartedMain] DemospringbootApplication - Running with Spring Boot v2.2.1.RELEASE, Spring v5.2.1.RELEASE
[INFO ] 2019-11-27 16:31:00.998 [restartedMain] DemospringbootApplication - No active profile set, falling back to default profiles: default
[INFO ] 2019-11-27 16:31:35.447 [restartedMain] DemospringbootApplication - Starting DemospringbootApplication on DESKTOP-H7QHO50 with PID 10324 (E:\TrainningJava\JavaTraining\demospringboot\target\classes started by DELL in E:\TrainningJava\JavaTraining\demospringboot)
[DEBUG] 2019-11-27 16:31:35.475 [restartedMain] DemospringbootApplication - Running with Spring Boot v2.2.1.RELEASE, Spring v5.2.1.RELEASE
[INFO ] 2019-11-27 16:31:35.476 [restartedMain] DemospringbootApplication - No active profile set, falling back to default profiles: default
[INFO ] 2019-11-27 16:32:41.814 [restartedMain] DemospringbootApplication - Starting DemospringbootApplication on DESKTOP-H7QHO50 with PID 18140 (E:\TrainningJava\JavaTraining\demospringboot\target\classes started by DELL in E:\TrainningJava\JavaTraining\demospringboot)
[DEBUG] 2019-11-27 16:32:41.830 [restartedMain] DemospringbootApplication - Running with Spring Boot v2.2.1.RELEASE, Spring v5.2.1.RELEASE
[INFO ] 2019-11-27 16:32:41.832 [restartedMain] DemospringbootApplication - No active profile set, falling back to default profiles: default
[INFO ] 2019-11-27 16:33:02.820 [restartedMain] DemospringbootApplication - Starting DemospringbootApplication on DESKTOP-H7QHO50 with PID 10688 (E:\TrainningJava\JavaTraining\demospringboot\target\classes started by DELL in E:\TrainningJava\JavaTraining\demospringboot)
[DEBUG] 2019-11-27 16:33:02.838 [restartedMain] DemospringbootApplication - Running with Spring Boot v2.2.1.RELEASE, Spring v5.2.1.RELEASE
[INFO ] 2019-11-27 16:33:02.839 [restartedMain] DemospringbootApplication - No active profile set, falling back to default profiles: default
[INFO ] 2019-11-27 16:33:58.663 [restartedMain] DemospringbootApplication - Starting DemospringbootApplication on DESKTOP-H7QHO50 with PID 10988 (E:\TrainningJava\JavaTraining\demospringboot\target\classes started by DELL in E:\TrainningJava\JavaTraining\demospringboot)
[DEBUG] 2019-11-27 16:33:58.678 [restartedMain] DemospringbootApplication - Running with Spring Boot v2.2.1.RELEASE, Spring v5.2.1.RELEASE
[INFO ] 2019-11-27 16:33:58.679 [restartedMain] DemospringbootApplication - No active profile set, falling back to default profiles: default
[INFO ] 2019-11-27 16:34:05.397 [restartedMain] DemospringbootApplication - Started DemospringbootApplication in 7.469 seconds (JVM running for 10.438)
[INFO ] 2019-11-27 16:35:55.902 [restartedMain] DemospringbootApplication - Starting DemospringbootApplication on DESKTOP-H7QHO50 with PID 10988 (E:\TrainningJava\JavaTraining\demospringboot\target\classes started by DELL in E:\TrainningJava\JavaTraining\demospringboot)
[DEBUG] 2019-11-27 16:35:55.903 [restartedMain] DemospringbootApplication - Running with Spring Boot v2.2.1.RELEASE, Spring v5.2.1.RELEASE
[INFO ] 2019-11-27 16:35:55.904 [restartedMain] DemospringbootApplication - No active profile set, falling back to default profiles: default
[INFO ] 2019-11-27 16:35:57.961 [restartedMain] DemospringbootApplication - Started DemospringbootApplication in 2.177 seconds (JVM running for 123.002)
[INFO ] 2019-11-27 16:36:33.732 [restartedMain] DemospringbootApplication - Starting DemospringbootApplication on DESKTOP-H7QHO50 with PID 10988 (E:\TrainningJava\JavaTraining\demospringboot\target\classes started by DELL in E:\TrainningJava\JavaTraining\demospringboot)
[DEBUG] 2019-11-27 16:36:33.733 [restartedMain] DemospringbootApplication - Running with Spring Boot v2.2.1.RELEASE, Spring v5.2.1.RELEASE
[INFO ] 2019-11-27 16:36:33.733 [restartedMain] DemospringbootApplication - No active profile set, falling back to default profiles: default
[INFO ] 2019-11-27 16:36:35.102 [restartedMain] DemospringbootApplication - Started DemospringbootApplication in 1.548 seconds (JVM running for 160.143)
[DEBUG] 2019-11-27 16:36:43.145 [http-nio-9000-exec-1] LoginController - ===== Find Student =====
[INFO ] 2019-11-27 16:36:59.612 [restartedMain] DemospringbootApplication - Starting DemospringbootApplication on DESKTOP-H7QHO50 with PID 10988 (E:\TrainningJava\JavaTraining\demospringboot\target\classes started by DELL in E:\TrainningJava\JavaTraining\demospringboot)
[DEBUG] 2019-11-27 16:36:59.613 [restartedMain] DemospringbootApplication - Running with Spring Boot v2.2.1.RELEASE, Spring v5.2.1.RELEASE
[INFO ] 2019-11-27 16:36:59.613 [restartedMain] DemospringbootApplication - No active profile set, falling back to default profiles: default
[INFO ] 2019-11-27 16:37:01.195 [restartedMain] DemospringbootApplication - Started DemospringbootApplication in 1.717 seconds (JVM running for 186.236)
[DEBUG] 2019-11-27 16:37:05.111 [http-nio-9000-exec-1] LoginController - ===== Find Student =====
[INFO ] 2019-11-27 16:37:21.204 [restartedMain] DemospringbootApplication - Starting DemospringbootApplication on DESKTOP-H7QHO50 with PID 10988 (E:\TrainningJava\JavaTraining\demospringboot\target\classes started by DELL in E:\TrainningJava\JavaTraining\demospringboot)
[DEBUG] 2019-11-27 16:37:21.205 [restartedMain] DemospringbootApplication - Running with Spring Boot v2.2.1.RELEASE, Spring v5.2.1.RELEASE
[INFO ] 2019-11-27 16:37:21.205 [restartedMain] DemospringbootApplication - No active profile set, falling back to default profiles: default
[INFO ] 2019-11-27 16:37:23.035 [restartedMain] DemospringbootApplication - Started DemospringbootApplication in 1.95 seconds (JVM running for 208.077)
[DEBUG] 2019-11-27 16:37:26.839 [http-nio-9000-exec-1] LoginController - ===== Find Student =====
[INFO ] 2019-11-27 16:38:10.047 [restartedMain] DemospringbootApplication - Starting DemospringbootApplication on DESKTOP-H7QHO50 with PID 10988 (E:\TrainningJava\JavaTraining\demospringboot\target\classes started by DELL in E:\TrainningJava\JavaTraining\demospringboot)
[DEBUG] 2019-11-27 16:38:10.052 [restartedMain] DemospringbootApplication - Running with Spring Boot v2.2.1.RELEASE, Spring v5.2.1.RELEASE
[INFO ] 2019-11-27 16:38:10.054 [restartedMain] DemospringbootApplication - No active profile set, falling back to default profiles: default
[INFO ] 2019-11-27 16:38:12.497 [restartedMain] DemospringbootApplication - Started DemospringbootApplication in 2.632 seconds (JVM running for 257.538)
[INFO ] 2019-11-27 16:38:18.296 [restartedMain] DemospringbootApplication - Starting DemospringbootApplication on DESKTOP-H7QHO50 with PID 10988 (E:\TrainningJava\JavaTraining\demospringboot\target\classes started by DELL in E:\TrainningJava\JavaTraining\demospringboot)
[DEBUG] 2019-11-27 16:38:18.300 [restartedMain] DemospringbootApplication - Running with Spring Boot v2.2.1.RELEASE, Spring v5.2.1.RELEASE
[INFO ] 2019-11-27 16:38:18.301 [restartedMain] DemospringbootApplication - No active profile set, falling back to default profiles: default
[INFO ] 2019-11-27 16:38:20.429 [restartedMain] DemospringbootApplication - Started DemospringbootApplication in 2.311 seconds (JVM running for 265.47)
[DEBUG] 2019-11-27 16:38:23.945 [http-nio-9000-exec-1] LoginController - ===== Find Student =====
[INFO ] 2019-11-27 16:42:05.395 [restartedMain] DemospringbootApplication - Starting DemospringbootApplication on DESKTOP-H7QHO50 with PID 10988 (E:\TrainningJava\JavaTraining\demospringboot\target\classes started by DELL in E:\TrainningJava\JavaTraining\demospringboot)
[DEBUG] 2019-11-27 16:42:05.399 [restartedMain] DemospringbootApplication - Running with Spring Boot v2.2.1.RELEASE, Spring v5.2.1.RELEASE
[INFO ] 2019-11-27 16:42:05.399 [restartedMain] DemospringbootApplication - No active profile set, falling back to default profiles: default
[INFO ] 2019-11-27 16:42:08.252 [restartedMain] DemospringbootApplication - Started DemospringbootApplication in 3.173 seconds (JVM running for 493.294)
[DEBUG] 2019-11-27 16:42:12.586 [http-nio-9000-exec-1] LoginController - ===== Find Student =====
[INFO ] 2019-11-27 16:42:37.663 [restartedMain] DemospringbootApplication - Starting DemospringbootApplication on DESKTOP-H7QHO50 with PID 10988 (E:\TrainningJava\JavaTraining\demospringboot\target\classes started by DELL in E:\TrainningJava\JavaTraining\demospringboot)
[DEBUG] 2019-11-27 16:42:37.664 [restartedMain] DemospringbootApplication - Running with Spring Boot v2.2.1.RELEASE, Spring v5.2.1.RELEASE
[INFO ] 2019-11-27 16:42:37.664 [restartedMain] DemospringbootApplication - No active profile set, falling back to default profiles: default
[INFO ] 2019-11-27 16:42:39.545 [restartedMain] DemospringbootApplication - Started DemospringbootApplication in 2.116 seconds (JVM running for 524.585)
[INFO ] 2019-11-27 16:43:10.005 [restartedMain] DemospringbootApplication - Starting DemospringbootApplication on DESKTOP-H7QHO50 with PID 10988 (E:\TrainningJava\JavaTraining\demospringboot\target\classes started by DELL in E:\TrainningJava\JavaTraining\demospringboot)
[DEBUG] 2019-11-27 16:43:10.006 [restartedMain] DemospringbootApplication - Running with Spring Boot v2.2.1.RELEASE, Spring v5.2.1.RELEASE
[INFO ] 2019-11-27 16:43:10.007 [restartedMain] DemospringbootApplication - No active profile set, falling back to default profiles: default
[INFO ] 2019-11-27 16:43:12.534 [restartedMain] DemospringbootApplication - Started DemospringbootApplication in 2.718 seconds (JVM running for 557.575)
[INFO ] 2019-11-27 16:43:25.318 [restartedMain] DemospringbootApplication - Starting DemospringbootApplication on DESKTOP-H7QHO50 with PID 10988 (E:\TrainningJava\JavaTraining\demospringboot\target\classes started by DELL in E:\TrainningJava\JavaTraining\demospringboot)
[DEBUG] 2019-11-27 16:43:25.319 [restartedMain] DemospringbootApplication - Running with Spring Boot v2.2.1.RELEASE, Spring v5.2.1.RELEASE
[INFO ] 2019-11-27 16:43:25.320 [restartedMain] DemospringbootApplication - No active profile set, falling back to default profiles: default
[INFO ] 2019-11-27 16:43:27.295 [restartedMain] DemospringbootApplication - Started DemospringbootApplication in 2.112 seconds (JVM running for 572.335)
[DEBUG] 2019-11-27 16:43:28.839 [http-nio-9000-exec-1] LoginController - ===== Find Student =====
[INFO ] 2019-11-27 16:44:08.309 [restartedMain] DemospringbootApplication - Starting DemospringbootApplication on DESKTOP-H7QHO50 with PID 10988 (E:\TrainningJava\JavaTraining\demospringboot\target\classes started by DELL in E:\TrainningJava\JavaTraining\demospringboot)
[DEBUG] 2019-11-27 16:44:08.310 [restartedMain] DemospringbootApplication - Running with Spring Boot v2.2.1.RELEASE, Spring v5.2.1.RELEASE
[INFO ] 2019-11-27 16:44:08.310 [restartedMain] DemospringbootApplication - No active profile set, falling back to default profiles: default
[INFO ] 2019-11-27 16:44:09.918 [restartedMain] DemospringbootApplication - Started DemospringbootApplication in 1.702 seconds (JVM running for 614.96)
[DEBUG] 2019-11-27 16:44:13.386 [http-nio-9000-exec-1] LoginController - ===== Find Student =====
[DEBUG] 2019-11-27 16:44:30.085 [http-nio-9000-exec-3] LoginController - ===== Find Student =====
[INFO ] 2019-11-27 16:45:05.135 [restartedMain] DemospringbootApplication - Starting DemospringbootApplication on DESKTOP-H7QHO50 with PID 10988 (E:\TrainningJava\JavaTraining\demospringboot\target\classes started by DELL in E:\TrainningJava\JavaTraining\demospringboot)
[DEBUG] 2019-11-27 16:45:05.138 [restartedMain] DemospringbootApplication - Running with Spring Boot v2.2.1.RELEASE, Spring v5.2.1.RELEASE
[INFO ] 2019-11-27 16:45:05.139 [restartedMain] DemospringbootApplication - No active profile set, falling back to default profiles: default
[INFO ] 2019-11-27 16:45:06.553 [restartedMain] DemospringbootApplication - Started DemospringbootApplication in 1.49 seconds (JVM running for 671.595)
[DEBUG] 2019-11-27 16:45:12.560 [http-nio-9000-exec-1] LoginController - ===== Find Student =====
[INFO ] 2019-11-27 16:45:28.325 [restartedMain] DemospringbootApplication - Starting DemospringbootApplication on DESKTOP-H7QHO50 with PID 10988 (E:\TrainningJava\JavaTraining\demospringboot\target\classes started by DELL in E:\TrainningJava\JavaTraining\demospringboot)
[DEBUG] 2019-11-27 16:45:28.326 [restartedMain] DemospringbootApplication - Running with Spring Boot v2.2.1.RELEASE, Spring v5.2.1.RELEASE
[INFO ] 2019-11-27 16:45:28.327 [restartedMain] DemospringbootApplication - No active profile set, falling back to default profiles: default
[INFO ] 2019-11-27 16:45:29.554 [restartedMain] DemospringbootApplication - Started DemospringbootApplication in 1.313 seconds (JVM running for 694.595)
[INFO ] 2019-11-27 16:47:57.720 [restartedMain] DemospringbootApplication - Starting DemospringbootApplication on DESKTOP-H7QHO50 with PID 10988 (E:\TrainningJava\JavaTraining\demospringboot\target\classes started by DELL in E:\TrainningJava\JavaTraining\demospringboot)
[DEBUG] 2019-11-27 16:47:57.720 [restartedMain] DemospringbootApplication - Running with Spring Boot v2.2.1.RELEASE, Spring v5.2.1.RELEASE
[INFO ] 2019-11-27 16:47:57.721 [restartedMain] DemospringbootApplication - No active profile set, falling back to default profiles: default
[INFO ] 2019-11-27 16:47:58.853 [restartedMain] DemospringbootApplication - Started DemospringbootApplication in 1.228 seconds (JVM running for 843.894)
[INFO ] 2019-11-27 16:48:10.251 [restartedMain] DemospringbootApplication - Starting DemospringbootApplication on DESKTOP-H7QHO50 with PID 10988 (E:\TrainningJava\JavaTraining\demospringboot\target\classes started by DELL in E:\TrainningJava\JavaTraining\demospringboot)
[DEBUG] 2019-11-27 16:48:10.252 [restartedMain] DemospringbootApplication - Running with Spring Boot v2.2.1.RELEASE, Spring v5.2.1.RELEASE
[INFO ] 2019-11-27 16:48:10.252 [restartedMain] DemospringbootApplication - No active profile set, falling back to default profiles: default
[INFO ] 2019-11-27 16:48:11.390 [restartedMain] DemospringbootApplication - Started DemospringbootApplication in 1.228 seconds (JVM running for 856.431)
[DEBUG] 2019-11-27 16:48:15.744 [http-nio-9000-exec-1] LoginController - ===== Find Student =====
[INFO ] 2019-11-27 16:49:03.771 [restartedMain] DemospringbootApplication - Starting DemospringbootApplication on DESKTOP-H7QHO50 with PID 10988 (E:\TrainningJava\JavaTraining\demospringboot\target\classes started by DELL in E:\TrainningJava\JavaTraining\demospringboot)
[DEBUG] 2019-11-27 16:49:03.775 [restartedMain] DemospringbootApplication - Running with Spring Boot v2.2.1.RELEASE, Spring v5.2.1.RELEASE
[INFO ] 2019-11-27 16:49:03.780 [restartedMain] DemospringbootApplication - No active profile set, falling back to default profiles: default
[INFO ] 2019-11-27 16:49:06.010 [restartedMain] DemospringbootApplication - Started DemospringbootApplication in 2.602 seconds (JVM running for 911.051)
[DEBUG] 2019-11-27 16:49:11.024 [http-nio-9000-exec-1] LoginController - ===== Find Student =====
[INFO ] 2019-11-27 16:51:24.207 [restartedMain] DemospringbootApplication - Starting DemospringbootApplication on DESKTOP-H7QHO50 with PID 10988 (E:\TrainningJava\JavaTraining\demospringboot\target\classes started by DELL in E:\TrainningJava\JavaTraining\demospringboot)
[DEBUG] 2019-11-27 16:51:24.214 [restartedMain] DemospringbootApplication - Running with Spring Boot v2.2.1.RELEASE, Spring v5.2.1.RELEASE
[INFO ] 2019-11-27 16:51:24.215 [restartedMain] DemospringbootApplication - No active profile set, falling back to default profiles: default
[INFO ] 2019-11-27 16:51:52.915 [restartedMain] DemospringbootApplication - Starting DemospringbootApplication on DESKTOP-H7QHO50 with PID 10988 (E:\TrainningJava\JavaTraining\demospringboot\target\classes started by DELL in E:\TrainningJava\JavaTraining\demospringboot)
[DEBUG] 2019-11-27 16:51:52.916 [restartedMain] DemospringbootApplication - Running with Spring Boot v2.2.1.RELEASE, Spring v5.2.1.RELEASE
[INFO ] 2019-11-27 16:51:52.917 [restartedMain] DemospringbootApplication - No active profile set, falling back to default profiles: default
[INFO ] 2019-11-27 16:51:54.165 [restartedMain] DemospringbootApplication - Started DemospringbootApplication in 1.326 seconds (JVM running for 1079.206)
[DEBUG] 2019-11-27 16:51:58.716 [http-nio-9000-exec-1] LoginController - ===== Find Student =====
[INFO ] 2019-11-27 16:54:05.208 [restartedMain] DemospringbootApplication - Starting DemospringbootApplication on DESKTOP-H7QHO50 with PID 10988 (E:\TrainningJava\JavaTraining\demospringboot\target\classes started by DELL in E:\TrainningJava\JavaTraining\demospringboot)
[DEBUG] 2019-11-27 16:54:05.209 [restartedMain] DemospringbootApplication - Running with Spring Boot v2.2.1.RELEASE, Spring v5.2.1.RELEASE
[INFO ] 2019-11-27 16:54:05.211 [restartedMain] DemospringbootApplication - No active profile set, falling back to default profiles: default
[INFO ] 2019-11-27 16:54:07.531 [restartedMain] DemospringbootApplication - Started DemospringbootApplication in 2.556 seconds (JVM running for 1212.572)
[INFO ] 2019-11-27 16:54:23.833 [restartedMain] DemospringbootApplication - Starting DemospringbootApplication on DESKTOP-H7QHO50 with PID 10988 (E:\TrainningJava\JavaTraining\demospringboot\target\classes started by DELL in E:\TrainningJava\JavaTraining\demospringboot)
[DEBUG] 2019-11-27 16:54:23.834 [restartedMain] DemospringbootApplication - Running with Spring Boot v2.2.1.RELEASE, Spring v5.2.1.RELEASE
[INFO ] 2019-11-27 16:54:23.834 [restartedMain] DemospringbootApplication - No active profile set, falling back to default profiles: default
[INFO ] 2019-11-27 16:54:27.745 [restartedMain] DemospringbootApplication - Started DemospringbootApplication in 4.152 seconds (JVM running for 1232.786)
[DEBUG] 2019-11-27 16:54:27.765 [http-nio-9000-exec-1] LoginController - ===== Find Student =====
[INFO ] 2019-11-27 16:55:01.217 [restartedMain] DemospringbootApplication - Starting DemospringbootApplication on DESKTOP-H7QHO50 with PID 10988 (E:\TrainningJava\JavaTraining\demospringboot\target\classes started by DELL in E:\TrainningJava\JavaTraining\demospringboot)
[DEBUG] 2019-11-27 16:55:01.218 [restartedMain] DemospringbootApplication - Running with Spring Boot v2.2.1.RELEASE, Spring v5.2.1.RELEASE
[INFO ] 2019-11-27 16:55:01.218 [restartedMain] DemospringbootApplication - No active profile set, falling back to default profiles: default
[INFO ] 2019-11-27 16:55:03.337 [restartedMain] DemospringbootApplication - Started DemospringbootApplication in 2.285 seconds (JVM running for 1268.378)
[INFO ] 2019-11-27 16:55:13.109 [restartedMain] DemospringbootApplication - Starting DemospringbootApplication on DESKTOP-H7QHO50 with PID 10988 (E:\TrainningJava\JavaTraining\demospringboot\target\classes started by DELL in E:\TrainningJava\JavaTraining\demospringboot)
[DEBUG] 2019-11-27 16:55:13.113 [restartedMain] DemospringbootApplication - Running with Spring Boot v2.2.1.RELEASE, Spring v5.2.1.RELEASE
[INFO ] 2019-11-27 16:55:13.115 [restartedMain] DemospringbootApplication - No active profile set, falling back to default profiles: default
[INFO ] 2019-11-27 16:55:14.525 [restartedMain] DemospringbootApplication - Started DemospringbootApplication in 1.553 seconds (JVM running for 1279.565)
[DEBUG] 2019-11-27 16:55:16.925 [http-nio-9000-exec-1] LoginController - ===== Find Student =====
[INFO ] 2019-11-27 16:55:44.555 [restartedMain] DemospringbootApplication - Starting DemospringbootApplication on DESKTOP-H7QHO50 with PID 10988 (E:\TrainningJava\JavaTraining\demospringboot\target\classes started by DELL in E:\TrainningJava\JavaTraining\demospringboot)
[DEBUG] 2019-11-27 16:55:44.556 [restartedMain] DemospringbootApplication - Running with Spring Boot v2.2.1.RELEASE, Spring v5.2.1.RELEASE
[INFO ] 2019-11-27 16:55:44.557 [restartedMain] DemospringbootApplication - No active profile set, falling back to default profiles: default
[INFO ] 2019-11-27 16:55:45.617 [restartedMain] DemospringbootApplication - Started DemospringbootApplication in 1.186 seconds (JVM running for 1310.658)
[DEBUG] 2019-11-27 16:55:53.844 [http-nio-9000-exec-1] LoginController - ===== Find Student =====
[INFO ] 2019-11-27 16:56:55.375 [restartedMain] DemospringbootApplication - Starting DemospringbootApplication on DESKTOP-H7QHO50 with PID 10988 (E:\TrainningJava\JavaTraining\demospringboot\target\classes started by DELL in E:\TrainningJava\JavaTraining\demospringboot)
[DEBUG] 2019-11-27 16:56:55.376 [restartedMain] DemospringbootApplication - Running with Spring Boot v2.2.1.RELEASE, Spring v5.2.1.RELEASE
[INFO ] 2019-11-27 16:56:55.377 [restartedMain] DemospringbootApplication - No active profile set, falling back to default profiles: default
[INFO ] 2019-11-27 16:57:00.139 [restartedMain] DemospringbootApplication - Starting DemospringbootApplication on DESKTOP-H7QHO50 with PID 10988 (E:\TrainningJava\JavaTraining\demospringboot\target\classes started by DELL in E:\TrainningJava\JavaTraining\demospringboot)
[DEBUG] 2019-11-27 16:57:00.140 [restartedMain] DemospringbootApplication - Running with Spring Boot v2.2.1.RELEASE, Spring v5.2.1.RELEASE
[INFO ] 2019-11-27 16:57:00.140 [restartedMain] DemospringbootApplication - No active profile set, falling back to default profiles: default
[INFO ] 2019-11-27 16:57:07.842 [restartedMain] DemospringbootApplication - Starting DemospringbootApplication on DESKTOP-H7QHO50 with PID 10988 (E:\TrainningJava\JavaTraining\demospringboot\target\classes started by DELL in E:\TrainningJava\JavaTraining\demospringboot)
[DEBUG] 2019-11-27 16:57:07.843 [restartedMain] DemospringbootApplication - Running with Spring Boot v2.2.1.RELEASE, Spring v5.2.1.RELEASE
[INFO ] 2019-11-27 16:57:07.843 [restartedMain] DemospringbootApplication - No active profile set, falling back to default profiles: default
[INFO ] 2019-11-27 16:57:36.678 [restartedMain] DemospringbootApplication - Starting DemospringbootApplication on DESKTOP-H7QHO50 with PID 3612 (E:\TrainningJava\JavaTraining\demospringboot\target\classes started by DELL in E:\TrainningJava\JavaTraining\demospringboot)
[DEBUG] 2019-11-27 16:57:36.694 [restartedMain] DemospringbootApplication - Running with Spring Boot v2.2.1.RELEASE, Spring v5.2.1.RELEASE
[INFO ] 2019-11-27 16:57:36.698 [restartedMain] DemospringbootApplication - No active profile set, falling back to default profiles: default
[INFO ] 2019-11-27 16:58:03.059 [restartedMain] DemospringbootApplication - Starting DemospringbootApplication on DESKTOP-H7QHO50 with PID 15460 (E:\TrainningJava\JavaTraining\demospringboot\target\classes started by DELL in E:\TrainningJava\JavaTraining\demospringboot)
[DEBUG] 2019-11-27 16:58:03.073 [restartedMain] DemospringbootApplication - Running with Spring Boot v2.2.1.RELEASE, Spring v5.2.1.RELEASE
[INFO ] 2019-11-27 16:58:03.074 [restartedMain] DemospringbootApplication - No active profile set, falling back to default profiles: default
[INFO ] 2019-11-27 16:59:04.544 [restartedMain] DemospringbootApplication - Starting DemospringbootApplication on DESKTOP-H7QHO50 with PID 13396 (E:\TrainningJava\JavaTraining\demospringboot\target\classes started by DELL in E:\TrainningJava\JavaTraining\demospringboot)
[DEBUG] 2019-11-27 16:59:04.573 [restartedMain] DemospringbootApplication - Running with Spring Boot v2.2.1.RELEASE, Spring v5.2.1.RELEASE
[INFO ] 2019-11-27 16:59:04.574 [restartedMain] DemospringbootApplication - No active profile set, falling back to default profiles: default
[INFO ] 2019-11-27 17:00:47.210 [restartedMain] DemospringbootApplication - Starting DemospringbootApplication on DESKTOP-H7QHO50 with PID 10324 (E:\TrainningJava\JavaTraining\demospringboot\target\classes started by DELL in E:\TrainningJava\JavaTraining\demospringboot)
[DEBUG] 2019-11-27 17:00:47.227 [restartedMain] DemospringbootApplication - Running with Spring Boot v2.2.1.RELEASE, Spring v5.2.1.RELEASE
[INFO ] 2019-11-27 17:00:47.229 [restartedMain] DemospringbootApplication - No active profile set, falling back to default profiles: default
[INFO ] 2019-11-27 17:02:01.112 [restartedMain] DemospringbootApplication - Starting DemospringbootApplication on DESKTOP-H7QHO50 with PID 2052 (E:\TrainningJava\JavaTraining\demospringboot\target\classes started by DELL in E:\TrainningJava\JavaTraining\demospringboot)
[DEBUG] 2019-11-27 17:02:01.140 [restartedMain] DemospringbootApplication - Running with Spring Boot v2.2.1.RELEASE, Spring v5.2.1.RELEASE
[INFO ] 2019-11-27 17:02:01.141 [restartedMain] DemospringbootApplication - No active profile set, falling back to default profiles: default
[INFO ] 2019-11-27 17:02:58.608 [restartedMain] DemospringbootApplication - Starting DemospringbootApplication on DESKTOP-H7QHO50 with PID 4152 (E:\TrainningJava\JavaTraining\demospringboot\target\classes started by DELL in E:\TrainningJava\JavaTraining\demospringboot)
[DEBUG] 2019-11-27 17:02:58.621 [restartedMain] DemospringbootApplication - Running with Spring Boot v2.2.1.RELEASE, Spring v5.2.1.RELEASE
[INFO ] 2019-11-27 17:02:58.625 [restartedMain] DemospringbootApplication - No active profile set, falling back to default profiles: default
[INFO ] 2019-11-27 17:04:04.474 [restartedMain] DemospringbootApplication - Starting DemospringbootApplication on DESKTOP-H7QHO50 with PID 13172 (E:\TrainningJava\JavaTraining\demospringboot\target\classes started by DELL in E:\TrainningJava\JavaTraining\demospringboot)
[DEBUG] 2019-11-27 17:04:04.488 [restartedMain] DemospringbootApplication - Running with Spring Boot v2.2.1.RELEASE, Spring v5.2.1.RELEASE
[INFO ] 2019-11-27 17:04:04.488 [restartedMain] DemospringbootApplication - No active profile set, falling back to default profiles: default
[INFO ] 2019-11-27 17:04:44.899 [restartedMain] DemospringbootApplication - Starting DemospringbootApplication on DESKTOP-H7QHO50 with PID 15764 (E:\TrainningJava\JavaTraining\demospringboot\target\classes started by DELL in E:\TrainningJava\JavaTraining\demospringboot)
[DEBUG] 2019-11-27 17:04:44.915 [restartedMain] DemospringbootApplication - Running with Spring Boot v2.2.1.RELEASE, Spring v5.2.1.RELEASE
[INFO ] 2019-11-27 17:04:44.916 [restartedMain] DemospringbootApplication - No active profile set, falling back to default profiles: default
[INFO ] 2019-11-27 17:04:51.095 [restartedMain] DemospringbootApplication - Started DemospringbootApplication in 6.827 seconds (JVM running for 9.59)
[DEBUG] 2019-11-27 17:05:00.724 [http-nio-9000-exec-1] LoginController - ===== Find Student =====
[INFO ] 2019-11-27 17:06:21.431 [restartedMain] DemospringbootApplication - Starting DemospringbootApplication on DESKTOP-H7QHO50 with PID 15764 (E:\TrainningJava\JavaTraining\demospringboot\target\classes started by DELL in E:\TrainningJava\JavaTraining\demospringboot)
[DEBUG] 2019-11-27 17:06:21.435 [restartedMain] DemospringbootApplication - Running with Spring Boot v2.2.1.RELEASE, Spring v5.2.1.RELEASE
[INFO ] 2019-11-27 17:06:21.436 [restartedMain] DemospringbootApplication - No active profile set, falling back to default profiles: default
[INFO ] 2019-11-27 17:06:23.496 [restartedMain] DemospringbootApplication - Started DemospringbootApplication in 2.221 seconds (JVM running for 101.991)
[INFO ] 2019-11-27 17:06:43.239 [restartedMain] DemospringbootApplication - Starting DemospringbootApplication on DESKTOP-H7QHO50 with PID 15368 (E:\TrainningJava\JavaTraining\demospringboot\target\classes started by DELL in E:\TrainningJava\JavaTraining\demospringboot)
[DEBUG] 2019-11-27 17:06:43.257 [restartedMain] DemospringbootApplication - Running with Spring Boot v2.2.1.RELEASE, Spring v5.2.1.RELEASE
[INFO ] 2019-11-27 17:06:43.257 [restartedMain] DemospringbootApplication - No active profile set, falling back to default profiles: default
[INFO ] 2019-11-27 17:06:48.938 [restartedMain] DemospringbootApplication - Started DemospringbootApplication in 6.37 seconds (JVM running for 9.047)
[INFO ] 2019-11-27 17:07:16.695 [restartedMain] DemospringbootApplication - Starting DemospringbootApplication on DESKTOP-H7QHO50 with PID 15368 (E:\TrainningJava\JavaTraining\demospringboot\target\classes started by DELL in E:\TrainningJava\JavaTraining\demospringboot)
[DEBUG] 2019-11-27 17:07:16.696 [restartedMain] DemospringbootApplication - Running with Spring Boot v2.2.1.RELEASE, Spring v5.2.1.RELEASE
[INFO ] 2019-11-27 17:07:16.696 [restartedMain] DemospringbootApplication - No active profile set, falling back to default profiles: default
[INFO ] 2019-11-27 17:07:18.188 [restartedMain] DemospringbootApplication - Started DemospringbootApplication in 1.617 seconds (JVM running for 38.297)
[DEBUG] 2019-11-27 17:07:23.031 [http-nio-9000-exec-1] LoginController - ===== Find Student =====
[INFO ] 2019-11-27 17:08:47.514 [restartedMain] DemospringbootApplication - Starting DemospringbootApplication on DESKTOP-H7QHO50 with PID 15368 (E:\TrainningJava\JavaTraining\demospringboot\target\classes started by DELL in E:\TrainningJava\JavaTraining\demospringboot)
[DEBUG] 2019-11-27 17:08:47.515 [restartedMain] DemospringbootApplication - Running with Spring Boot v2.2.1.RELEASE, Spring v5.2.1.RELEASE
[INFO ] 2019-11-27 17:08:47.515 [restartedMain] DemospringbootApplication - No active profile set, falling back to default profiles: default
[INFO ] 2019-11-27 17:08:48.975 [restartedMain] DemospringbootApplication - Started DemospringbootApplication in 1.592 seconds (JVM running for 129.086)
[INFO ] 2019-11-27 17:08:56.342 [restartedMain] DemospringbootApplication - Starting DemospringbootApplication on DESKTOP-H7QHO50 with PID 15368 (E:\TrainningJava\JavaTraining\demospringboot\target\classes started by DELL in E:\TrainningJava\JavaTraining\demospringboot)
[DEBUG] 2019-11-27 17:08:56.343 [restartedMain] DemospringbootApplication - Running with Spring Boot v2.2.1.RELEASE, Spring v5.2.1.RELEASE
[INFO ] 2019-11-27 17:08:56.343 [restartedMain] DemospringbootApplication - No active profile set, falling back to default profiles: default
[INFO ] 2019-11-27 17:08:57.600 [restartedMain] DemospringbootApplication - Started DemospringbootApplication in 1.381 seconds (JVM running for 137.709)
[INFO ] 2019-11-27 17:09:14.452 [restartedMain] DemospringbootApplication - Starting DemospringbootApplication on DESKTOP-H7QHO50 with PID 15368 (E:\TrainningJava\JavaTraining\demospringboot\target\classes started by DELL in E:\TrainningJava\JavaTraining\demospringboot)
[DEBUG] 2019-11-27 17:09:14.453 [restartedMain] DemospringbootApplication - Running with Spring Boot v2.2.1.RELEASE, Spring v5.2.1.RELEASE
[INFO ] 2019-11-27 17:09:14.453 [restartedMain] DemospringbootApplication - No active profile set, falling back to default profiles: default
[INFO ] 2019-11-27 17:09:52.269 [restartedMain] DemospringbootApplication - Starting DemospringbootApplication on DESKTOP-H7QHO50 with PID 11028 (E:\TrainningJava\JavaTraining\demospringboot\target\classes started by DELL in E:\TrainningJava\JavaTraining\demospringboot)
[DEBUG] 2019-11-27 17:09:52.289 [restartedMain] DemospringbootApplication - Running with Spring Boot v2.2.1.RELEASE, Spring v5.2.1.RELEASE
[INFO ] 2019-11-27 17:09:52.290 [restartedMain] DemospringbootApplication - No active profile set, falling back to default profiles: default
[INFO ] 2019-11-27 17:10:18.630 [restartedMain] DemospringbootApplication - Starting DemospringbootApplication on DESKTOP-H7QHO50 with PID 8284 (E:\TrainningJava\JavaTraining\demospringboot\target\classes started by DELL in E:\TrainningJava\JavaTraining\demospringboot)
[DEBUG] 2019-11-27 17:10:18.644 [restartedMain] DemospringbootApplication - Running with Spring Boot v2.2.1.RELEASE, Spring v5.2.1.RELEASE
[INFO ] 2019-11-27 17:10:18.645 [restartedMain] DemospringbootApplication - No active profile set, falling back to default profiles: default
[INFO ] 2019-11-27 17:11:47.435 [restartedMain] DemospringbootApplication - Starting DemospringbootApplication on DESKTOP-H7QHO50 with PID 13084 (E:\TrainningJava\JavaTraining\demospringboot\target\classes started by DELL in E:\TrainningJava\JavaTraining\demospringboot)
[DEBUG] 2019-11-27 17:11:47.452 [restartedMain] DemospringbootApplication - Running with Spring Boot v2.2.1.RELEASE, Spring v5.2.1.RELEASE
[INFO ] 2019-11-27 17:11:47.453 [restartedMain] DemospringbootApplication - No active profile set, falling back to default profiles: default
[INFO ] 2019-11-27 17:14:17.740 [restartedMain] DemospringbootApplication - Starting DemospringbootApplication on DESKTOP-H7QHO50 with PID 14072 (E:\TrainningJava\JavaTraining\demospringboot\target\classes started by DELL in E:\TrainningJava\JavaTraining\demospringboot)
[DEBUG] 2019-11-27 17:14:17.755 [restartedMain] DemospringbootApplication - Running with Spring Boot v2.2.1.RELEASE, Spring v5.2.1.RELEASE
[INFO ] 2019-11-27 17:14:17.756 [restartedMain] DemospringbootApplication - No active profile set, falling back to default profiles: default
[INFO ] 2019-11-27 17:14:23.708 [restartedMain] DemospringbootApplication - Started DemospringbootApplication in 6.631 seconds (JVM running for 9.475)
[INFO ] 2019-11-27 17:15:58.218 [restartedMain] DemospringbootApplication - Starting DemospringbootApplication on DESKTOP-H7QHO50 with PID 14072 (E:\TrainningJava\JavaTraining\demospringboot\target\classes started by DELL in E:\TrainningJava\JavaTraining\demospringboot)
[DEBUG] 2019-11-27 17:15:58.219 [restartedMain] DemospringbootApplication - Running with Spring Boot v2.2.1.RELEASE, Spring v5.2.1.RELEASE
[INFO ] 2019-11-27 17:15:58.219 [restartedMain] DemospringbootApplication - No active profile set, falling back to default profiles: default
[INFO ] 2019-11-27 17:16:07.140 [restartedMain] DemospringbootApplication - Starting DemospringbootApplication on DESKTOP-H7QHO50 with PID 14072 (E:\TrainningJava\JavaTraining\demospringboot\target\classes started by DELL in E:\TrainningJava\JavaTraining\demospringboot)
[DEBUG] 2019-11-27 17:16:07.140 [restartedMain] DemospringbootApplication - Running with Spring Boot v2.2.1.RELEASE, Spring v5.2.1.RELEASE
[INFO ] 2019-11-27 17:16:07.141 [restartedMain] DemospringbootApplication - No active profile set, falling back to default profiles: default
